0 info it worked if it ends with ok
1 verbose cli [ 'C:\\Program Files\\nodejs\\node.exe',
1 verbose cli   'C:\\Program Files\\nodejs\\node_modules\\npm\\bin\\npm-cli.js',
1 verbose cli   'run',
1 verbose cli   'build:dev' ]
2 info using npm@3.10.10
3 info using node@v6.11.2
4 verbose run-script [ 'prebuild:dev', 'build:dev', 'postbuild:dev' ]
5 info lifecycle webpack-learning@1.0.0~prebuild:dev: webpack-learning@1.0.0
6 silly lifecycle webpack-learning@1.0.0~prebuild:dev: no script for prebuild:dev, continuing
7 info lifecycle webpack-learning@1.0.0~build:dev: webpack-learning@1.0.0
8 verbose lifecycle webpack-learning@1.0.0~build:dev: unsafe-perm in lifecycle true
9 verbose lifecycle webpack-learning@1.0.0~build:dev: PATH: C:\Users\JOHN_SERRANO\AppData\Roaming\nvm\v6.11.2\node_modules\npm\bin\node-gyp-bin;C:\Users\JOHN_SERRANO\Documents\webpack\node_modules\.bin;C:\Users\JOHN_SERRANO\bin;C:\Program Files (x86)\Git\usr\local\bin;C:\Program Files (x86)\Git\usr\bin;C:\Program Files (x86)\Git\usr\bin;C:\Program Files\ImageMagick-7.0.4-Q16;C:\Program Files (x86)\NVIDIA Corporation\PhysX\Common;C:\Program Files (x86)\AMD APP\bin\x86_64;C:\Program Files (x86)\AMD APP\bin\x86;C:\Windows\system32;C:\Windows;C:\Windows\System32\Wbem;C:\Windows\System32\WindowsPowerShell\v1.0;C:\Program Files (x86)\ESTsoft\ALZip;C:\Program Files (x86)\Git\cmd;C:\wamp\bin\php\php5.5.12;C:\ProgramData\ComposerSetup\bin;C:\Users\JOHN_SERRANO\AppData\Roaming\Composer;C:\Program Files\MongoDB\Server\3.4\bin;C:\Python27;C:\Python27\Scripts;C:\Program Files (x86)\Skype\Phone;C:\cygwin64\bin;C:\Users\JOHN_SERRANO\AppData\Roaming\nvm;C:\Program Files\nodejs;C:\Users\JOHN_SERRANO\AppData\Roaming\Composer\vendor\bin;C:\Users\JOHN_SERRANO\AppData\Roaming\npm;C:\Users\JOHN_SERRANO\AppData\Local\Google\Cloud SDK\google-cloud-sdk\bin;C:\Program Files\Heroku\bin;C:\Program Files\Microsoft VS Code\bin;C:\Users\JOHN_SERRANO\AppData\Roaming\nvm;C:\Program Files\nodejs;C:\Program Files (x86)\Git\usr\bin\vendor_perl;C:\Program Files (x86)\Git\usr\bin\core_perl
10 verbose lifecycle webpack-learning@1.0.0~build:dev: CWD: C:\Users\JOHN_SERRANO\Documents\webpack
11 silly lifecycle webpack-learning@1.0.0~build:dev: Args: [ '/d /s /c',
11 silly lifecycle   'webpack-dev-server --config ./webpack.dev.config.js --progress --colors' ]
12 silly lifecycle webpack-learning@1.0.0~build:dev: Returned: code: 3221225786  signal: null
13 info lifecycle webpack-learning@1.0.0~build:dev: Failed to exec build:dev script
14 verbose stack Error: webpack-learning@1.0.0 build:dev: `webpack-dev-server --config ./webpack.dev.config.js --progress --colors`
14 verbose stack Exit status 3221225786
14 verbose stack     at EventEmitter.<anonymous> (C:\Users\JOHN_SERRANO\AppData\Roaming\nvm\v6.11.2\node_modules\npm\lib\utils\lifecycle.js:255:16)
14 verbose stack     at emitTwo (events.js:106:13)
14 verbose stack     at EventEmitter.emit (events.js:191:7)
14 verbose stack     at ChildProcess.<anonymous> (C:\Users\JOHN_SERRANO\AppData\Roaming\nvm\v6.11.2\node_modules\npm\lib\utils\spawn.js:40:14)
14 verbose stack     at emitTwo (events.js:106:13)
14 verbose stack     at ChildProcess.emit (events.js:191:7)
14 verbose stack     at maybeClose (internal/child_process.js:891:16)
14 verbose stack     at Process.ChildProcess._handle.onexit (internal/child_process.js:226:5)
15 verbose pkgid webpack-learning@1.0.0
16 verbose cwd C:\Users\JOHN_SERRANO\Documents\webpack
17 error Windows_NT 6.1.7601
18 error argv "C:\\Program Files\\nodejs\\node.exe" "C:\\Program Files\\nodejs\\node_modules\\npm\\bin\\npm-cli.js" "run" "build:dev"
19 error node v6.11.2
20 error npm  v3.10.10
21 error code ELIFECYCLE
22 error webpack-learning@1.0.0 build:dev: `webpack-dev-server --config ./webpack.dev.config.js --progress --colors`
22 error Exit status 3221225786
23 error Failed at the webpack-learning@1.0.0 build:dev script 'webpack-dev-server --config ./webpack.dev.config.js --progress --colors'.
23 error Make sure you have the latest version of node.js and npm installed.
23 error If you do, this is most likely a problem with the webpack-learning package,
23 error not with npm itself.
23 error Tell the author that this fails on your system:
23 error     webpack-dev-server --config ./webpack.dev.config.js --progress --colors
23 error You can get information on how to open an issue for this project with:
23 error     npm bugs webpack-learning
23 error Or if that isn't available, you can get their info via:
23 error     npm owner ls webpack-learning
23 error There is likely additional logging output above.
24 verbose exit [ 1, true ]
